Flutter crash report.
Please report a bug at https://github.com/flutter/flutter/issues.

## command

flutter run

## exception

RPCError: _flutter.listViews: (-32000) Service connection disposed

```
#0      VmService._call (package:vm_service/src/vm_service.dart:1774:7)
#1      VmService.callServiceExtension (package:vm_service/src/vm_service.dart:1726:14)
#2      VmService.callMethod (package:vm_service/src/vm_service.dart:1717:12)
#3      FlutterVmService.callMethodWrapper (package:flutter_tools/src/vmservice.dart:501:28)
#4      FlutterVmService.getFlutterViews (package:flutter_tools/src/vmservice.dart:913:51)
#5      HotRunner.attach (package:flutter_tools/src/run_hot.dart:304:63)
<asynchronous suspension>
#6      RunCommand.runCommand (package:flutter_tools/src/commands/run.dart:867:27)
<asynchronous suspension>
#7      FlutterCommand.run.<anonymous closure> (package:flutter_tools/src/runner/flutter_command.dart:1408:27)
<asynchronous suspension>
#8      AppContext.run.<anonymous closure> (package:flutter_tools/src/base/context.dart:153:19)
<asynchronous suspension>
#9      CommandRunner.runCommand (package:args/command_runner.dart:212:13)
<asynchronous suspension>
#10     FlutterCommandRunner.runCommand.<anonymous closure> (package:flutter_tools/src/runner/flutter_command_runner.dart:420:9)
<asynchronous suspension>
#11     AppContext.run.<anonymous closure> (package:flutter_tools/src/base/context.dart:153:19)
<asynchronous suspension>
#12     FlutterCommandRunner.runCommand (package:flutter_tools/src/runner/flutter_command_runner.dart:364:5)
<asynchronous suspension>
#13     run.<anonymous closure>.<anonymous closure> (package:flutter_tools/runner.dart:130:9)
<asynchronous suspension>
#14     AppContext.run.<anonymous closure> (package:flutter_tools/src/base/context.dart:153:19)
<asynchronous suspension>
#15     main (package:flutter_tools/executable.dart:93:3)
<asynchronous suspension>
```

## flutter doctor

```
[32m[✓][39m Flutter (Channel stable, 3.24.0, on
    Microsoft Windows [Version
    10.0.22631.3958], locale en-US)
    [32m•[39m Flutter version 3.24.0 on channel
      stable at C:\flutter
    [32m•[39m Upstream repository
      https://github.com/flutter/flutter.
      git
    [32m•[39m Framework revision 80c2e84975 (4
      weeks ago), 2024-07-30 23:06:49
      +0700
    [32m•[39m Engine revision b8800d88be
    [32m•[39m Dart version 3.5.0
    [32m•[39m DevTools version 2.37.2

[32m[✓][39m Windows Version (Installed version of
    Windows is version 10 or higher)

[32m[✓][39m Android
    toolchain -
    develop for
    Android
    devices
    (Android SDK
    version
    34.0.0)
    [32m•[39m Android SDK
      at
      C:\Android\S
      dk
    [32m•[39m Platform
      android-Vani
      llaIceCream,
      build-tools
      34.0.0
    [32m•[39m ANDROID_HOME
      =
      C:\Android\S
      dk
    [32m•[39m Java binary
      at:
      C:\Program
      Files\Androi
      d\Android
      Studio\jbr\b
      in\java
    [32m•[39m Java version
      OpenJDK
      Runtime
      Environment
      (build
      17.0.9+0--11
      185874)
    [32m•[39m All Android
      licenses
      accepted.

[32m[✓][39m Chrome -
    develop for
    the web
    [32m•[39m Chrome at
      C:\Program
      Files\Google
      \Chrome\Appl
      ication\chro
      me.exe

[32m[✓][39m Visual Studio
    - develop
    Windows apps
    (Visual Studio
    Community 2022
    17.11.1)
    [32m•[39m Visual
      Studio at
      C:\Program
      Files\Micros
      oft Visual
      Studio\2022\
      Community
    [32m•[39m Visual
      Studio
      Community
      2022 version
      17.11.35219.
      272
    [32m•[39m Windows 10
      SDK version
      10.0.22621.0

[32m[✓][39m Android Studio
    (version
    2023.2)
    [32m•[39m Android
      Studio at
      C:\Program
      Files\Androi
      d\Android
      Studio
    [32m•[39m Flutter
      plugin can
      be installed
      from:
      🔨
      https://plug
      ins.jetbrain
      s.com/plugin
      /9212-flutte
      r
    [32m•[39m Dart plugin
      can be
      installed
      from:
      🔨
      https://plug
      ins.jetbrain
      s.com/plugin
      /6351-dart
    [32m•[39m Java version
      OpenJDK
      Runtime
      Environment
      (build
      17.0.9+0--11
      185874)

[32m[✓][39m VS Code
    (version
    1.92.2)
    [32m•[39m VS Code at
      C:\Users\Ela
      men
      Soft\AppData
      \Local\Progr
      ams\Microsof
      t VS Code
    [32m•[39m Flutter
      extension
      version
      3.94.0

[32m[✓][39m Connected
    device (3
    available)
    [32m•[39m AOSP on IA
      Emulator
      (mobile) •
      emulator-555
      4 •
      android-x86
      • Android 9
      (API 28)
      (emulator)
    [32m•[39m Windows
      (desktop)
      • windows
      •
      windows-x64
      • Microsoft
      Windows
      [Version
      10.0.22631.3
      958]
    [32m•[39m Chrome (web)
      • chrome
      •
      web-javascri
      pt • Google
      Chrome
      128.0.6613.8
      5

[32m[✓][39m Network
    resources
    [32m•[39m All expected
      network
      resources
      are
      available.

[32m•[39m No issues found!
```
